<?xml version="1.0" encoding="UTF-8"?>
<testsuite xmlns:xsi="http://www.w3.org/2001/XMLSchema-instance" xsi:noNamespaceSchemaLocation="https://maven.apache.org/surefire/maven-surefire-plugin/xsd/surefire-test-report.xsd" version="3.0.2" name="myapp.web.MemberControllerTest" time="1.014" tests="2" errors="0" skipped="0" failures="0">
  <properties>
[...]
</properties>
  <testcase name="testAddMember" classname="myapp.web.MemberControllerTest" time="0.122">
    <system-out><![CDATA[2026-04-11T17:46:50.183+02:00  INFO 18620 --- [           main] t.c.s.AnnotationConfigContextLoaderUtils : Could not detect default configuration classes for test class [myapp.web.MemberControllerTest]: MemberControllerTest does not declare any static, non-private, non-final, nested classes annotated with @Configuration.
2026-04-11T17:46:50.212+02:00  INFO 18620 --- [           main] .b.t.c.SpringBootTestContextBootstrapper : Found @SpringBootConfiguration myapp.MyApp for test class myapp.web.MemberControllerTest
2026-04-11T17:46:50.218+02:00  INFO 18620 --- [           main] o.s.b.d.r.RestartApplicationListener     : Restart disabled due to context in which it is running
2026-04-11T17:46:50.251+02:00  INFO 18620 --- [           main] myapp.web.MemberControllerTest           : Starting MemberControllerTest using Java 24.0.2 with PID 18620 (started by Allan in C:\Users\Allan\Documents\Master\M1\S2\Projet_JEE\gestion_club_escalade\archi_jee_diny_hilal-main)
2026-04-11T17:46:50.251+02:00  INFO 18620 --- [           main] myapp.web.MemberControllerTest           : No active profile set, falling back to 1 default profile: "default"
2026-04-11T17:46:50.986+02:00  WARN 18620 --- [           main] .s.s.UserDetailsServiceAutoConfiguration : 

Using generated security password: cb20d20c-0c45-422b-8bd1-6d650659296f

This generated password is for development use only. Your security configuration must be updated before running your application in production.

2026-04-11T17:46:50.986+02:00  INFO 18620 --- [           main] r$InitializeUserDetailsManagerConfigurer : Global AuthenticationManager configured with UserDetailsService bean with name inMemoryUserDetailsManager
2026-04-11T17:46:51.039+02:00  INFO 18620 --- [           main] o.s.b.t.m.w.SpringBootMockServletContext : Initializing Spring TestDispatcherServlet ''
2026-04-11T17:46:51.039+02:00  INFO 18620 --- [           main] o.s.t.web.servlet.TestDispatcherServlet  : Initializing Servlet ''
2026-04-11T17:46:51.040+02:00  INFO 18620 --- [           main] o.s.t.web.servlet.TestDispatcherServlet  : Completed initialization in 0 ms
2026-04-11T17:46:51.047+02:00  INFO 18620 --- [           main] myapp.web.MemberControllerTest           : Started MemberControllerTest in 0.829 seconds (process running for 11.794)
]]></system-out>
  </testcase>
  <testcase name="testListMembers" classname="myapp.web.MemberControllerTest" time="0.019"/>
</testsuite>